# JRE version: 7.0_09-b05
# Java VM: Java HotSpot(TM) Client VM (23.5-b02 mixed mode windows-x86 )
Heap
 def new generation   total 4928K, used 1081K [0x03aa0000, 0x03ff0000, 0x08ff0000)
  eden space 4416K,  12% used [0x03aa0000, 0x03b2e750, 0x03ef0000)
  from space 512K, 100% used [0x03f70000, 0x03ff0000, 0x03ff0000)
  to   space 512K,   0% used [0x03ef0000, 0x03ef0000, 0x03f70000)
 tenured generation   total 10944K, used 5337K [0x08ff0000, 0x09aa0000, 0x13aa0000)
   the space 10944K,  48% used [0x08ff0000, 0x09526660, 0x09526800, 0x09aa0000)
 compacting perm gen  total 12288K, used 8642K [0x13aa0000, 0x146a0000, 0x17aa0000)
   the space 12288K,  70% used [0x13aa0000, 0x143109c8, 0x14310a00, 0x146a0000)
GC Heap History (10 events):
Event: 12.655 GC heap before
{Heap before GC invocations=6 (full 0):
 def new generation   total 4928K, used 4928K [0x03aa0000, 0x03ff0000, 0x08ff0000)
  eden space 4416K, 100% used [0x03aa0000, 0x03ef0000, 0x03ef0000)
  from space 512K, 100% used [0x03ef0000, 0x03f70000, 0x03f70000)
  to   space 512K,   0% used [0x03f70000, 0x03f70000, 0x03ff0000)
 tenured generation   total 10944K, used 3030K [0x08ff0000, 0x09aa0000, 0x13aa0000)
   the space 10944K,  27% used [0x08ff0000, 0x092e5aa8, 0x092e5c00, 0x09aa0000)
 compacting perm gen  total 12288K, used 6823K [0x13aa0000, 0x146a0000, 0x17aa0000)
   the space 12288K,  55% used [0x13aa0000, 0x14149db0, 0x14149e00, 0x146a0000)
No shared spaces configured.
Event: 12.657 GC heap after
Heap after GC invocations=7 (full 0):
 def new generation   total 4928K, used 512K [0x03aa0000, 0x03ff0000, 0x08ff0000)
  eden space 4416K,   0% used [0x03aa0000, 0x03aa0000, 0x03ef0000)
  from space 512K, 100% used [0x03f70000, 0x03ff0000, 0x03ff0000)
  to   space 512K,   0% used [0x03ef0000, 0x03ef0000, 0x03f70000)
 tenured generation   total 10944K, used 3278K [0x08ff0000, 0x09aa0000, 0x13aa0000)
   the space 10944K,  29% used [0x08ff0000, 0x09323ab0, 0x09323c00, 0x09aa0000)
 compacting perm gen  total 12288K, used 6823K [0x13aa0000, 0x146a0000, 0x17aa0000)
   the space 12288K,  55% used [0x13aa0000, 0x14149db0, 0x14149e00, 0x146a0000)
No shared spaces configured.
}
Event: 12.728 GC heap before
{Heap before GC invocations=7 (full 0):
 def new generation   total 4928K, used 4928K [0x03aa0000, 0x03ff0000, 0x08ff0000)
  eden space 4416K, 100% used [0x03aa0000, 0x03ef0000, 0x03ef0000)
  from space 512K, 100% used [0x03f70000, 0x03ff0000, 0x03ff0000)
  to   space 512K,   0% used [0x03ef0000, 0x03ef0000, 0x03f70000)
 tenured generation   total 10944K, used 3278K [0x08ff0000, 0x09aa0000, 0x13aa0000)
   the space 10944K,  29% used [0x08ff0000, 0x09323ab0, 0x09323c00, 0x09aa0000)
 compacting perm gen  total 12288K, used 7474K [0x13aa0000, 0x146a0000, 0x17aa0000)
   the space 12288K,  60% used [0x13aa0000, 0x141eca00, 0x141eca00, 0x146a0000)
No shared spaces configured.
Event: 12.730 GC heap after
Heap after GC invocations=8 (full 0):
 def new generation   total 4928K, used 511K [0x03aa0000, 0x03ff0000, 0x08ff0000)
  eden space 4416K,   0% used [0x03aa0000, 0x03aa0000, 0x03ef0000)
  from space 512K,  99% used [0x03ef0000, 0x03f6ffd0, 0x03f70000)
  to   space 512K,   0% used [0x03f70000, 0x03f70000, 0x03ff0000)
 tenured generation   total 10944K, used 3594K [0x08ff0000, 0x09aa0000, 0x13aa0000)
   the space 10944K,  32% used [0x08ff0000, 0x09372bb0, 0x09372c00, 0x09aa0000)
 compacting perm gen  total 12288K, used 7474K [0x13aa0000, 0x146a0000, 0x17aa0000)
   the space 12288K,  60% used [0x13aa0000, 0x141eca00, 0x141eca00, 0x146a0000)
No shared spaces configured.
}
Event: 12.804 GC heap before
{Heap before GC invocations=8 (full 0):
 def new generation   total 4928K, used 4927K [0x03aa0000, 0x03ff0000, 0x08ff0000)
  eden space 4416K, 100% used [0x03aa0000, 0x03ef0000, 0x03ef0000)
  from space 512K,  99% used [0x03ef0000, 0x03f6ffd0, 0x03f70000)
  to   space 512K,   0% used [0x03f70000, 0x03f70000, 0x03ff0000)
 tenured generation   total 10944K, used 3594K [0x08ff0000, 0x09aa0000, 0x13aa0000)
   the space 10944K,  32% used [0x08ff0000, 0x09372bb0, 0x09372c00, 0x09aa0000)
 compacting perm gen  total 12288K, used 7859K [0x13aa0000, 0x146a0000, 0x17aa0000)
   the space 12288K,  63% used [0x13aa0000, 0x1424cc40, 0x1424ce00, 0x146a0000)
No shared spaces configured.
Event: 12.806 GC heap after
Heap after GC invocations=9 (full 0):
 def new generation   total 4928K, used 439K [0x03aa0000, 0x03ff0000, 0x08ff0000)
  eden space 4416K,   0% used [0x03aa0000, 0x03aa0000, 0x03ef0000)
  from space 512K,  85% used [0x03f70000, 0x03fddd30, 0x03ff0000)
  to   space 512K,   0% used [0x03ef0000, 0x03ef0000, 0x03f70000)
 tenured generation   total 10944K, used 3706K [0x08ff0000, 0x09aa0000, 0x13aa0000)
   the space 10944K,  33% used [0x08ff0000, 0x0938e828, 0x0938ea00, 0x09aa0000)
 compacting perm gen  total 12288K, used 7859K [0x13aa0000, 0x146a0000, 0x17aa0000)
   the space 12288K,  63% used [0x13aa0000, 0x1424cc40, 0x1424ce00, 0x146a0000)
No shared spaces configured.
}
Event: 12.901 GC heap before
{Heap before GC invocations=9 (full 0):
 def new generation   total 4928K, used 4855K [0x03aa0000, 0x03ff0000, 0x08ff0000)
  eden space 4416K, 100% used [0x03aa0000, 0x03ef0000, 0x03ef0000)
  from space 512K,  85% used [0x03f70000, 0x03fddd30, 0x03ff0000)
  to   space 512K,   0% used [0x03ef0000, 0x03ef0000, 0x03f70000)
 tenured generation   total 10944K, used 3706K [0x08ff0000, 0x09aa0000, 0x13aa0000)
   the space 10944K,  33% used [0x08ff0000, 0x0938e828, 0x0938ea00, 0x09aa0000)
 compacting perm gen  total 12288K, used 8280K [0x13aa0000, 0x146a0000, 0x17aa0000)
   the space 12288K,  67% used [0x13aa0000, 0x142b63a0, 0x142b6400, 0x146a0000)
No shared spaces configured.
Event: 12.905 GC heap after
Heap after GC invocations=10 (full 0):
 def new generation   total 4928K, used 512K [0x03aa0000, 0x03ff0000, 0x08ff0000)
  eden space 4416K,   0% used [0x03aa0000, 0x03aa0000, 0x03ef0000)
  from space 512K, 100% used [0x03ef0000, 0x03f70000, 0x03f70000)
  to   space 512K,   0% used [0x03f70000, 0x03f70000, 0x03ff0000)
 tenured generation   total 10944K, used 4740K [0x08ff0000, 0x09aa0000, 0x13aa0000)
   the space 10944K,  43% used [0x08ff0000, 0x09491398, 0x09491400, 0x09aa0000)
 compacting perm gen  total 12288K, used 8280K [0x13aa0000, 0x146a0000, 0x17aa0000)
   the space 12288K,  67% used [0x13aa0000, 0x142b63a0, 0x142b6400, 0x146a0000)
No shared spaces configured.
}
Event: 18.005 GC heap before
{Heap before GC invocations=10 (full 0):
 def new generation   total 4928K, used 4928K [0x03aa0000, 0x03ff0000, 0x08ff0000)
  eden space 4416K, 100% used [0x03aa0000, 0x03ef0000, 0x03ef0000)
  from space 512K, 100% used [0x03ef0000, 0x03f70000, 0x03f70000)
  to   space 512K,   0% used [0x03f70000, 0x03f70000, 0x03ff0000)
 tenured generation   total 10944K, used 4740K [0x08ff0000, 0x09aa0000, 0x13aa0000)
   the space 10944K,  43% used [0x08ff0000, 0x09491398, 0x09491400, 0x09aa0000)
 compacting perm gen  total 12288K, used 8634K [0x13aa0000, 0x146a0000, 0x17aa0000)
   the space 12288K,  70% used [0x13aa0000, 0x1430e998, 0x1430ea00, 0x146a0000)
No shared spaces configured.
Event: 18.008 GC heap after
Heap after GC invocations=11 (full 0):
 def new generation   total 4928K, used 512K [0x03aa0000, 0x03ff0000, 0x08ff0000)
  eden space 4416K,   0% used [0x03aa0000, 0x03aa0000, 0x03ef0000)
  from space 512K, 100% used [0x03f70000, 0x03ff0000, 0x03ff0000)
  to   space 512K,   0% used [0x03ef0000, 0x03ef0000, 0x03f70000)
 tenured generation   total 10944K, used 5337K [0x08ff0000, 0x09aa0000, 0x13aa0000)
   the space 10944K,  48% used [0x08ff0000, 0x09526660, 0x09526800, 0x09aa0000)
 compacting perm gen  total 12288K, used 8634K [0x13aa0000, 0x146a0000, 0x17aa0000)
   the space 12288K,  70% used [0x13aa0000, 0x1430e998, 0x1430ea00, 0x146a0000)
No shared spaces configured.
}

